<?xml version="1.0" encoding="UTF-8"?>
<!-- Generated by org.testng.reporters.JUnitReportReporter -->
<testsuite hostname="DESKTOP-6NA17O0" failures="0" tests="2" name="com.automationdemo.testcases.HomePageTest" time="61.802" errors="0" timestamp="05 Jul 2023 12:04:53 GMT" skipped="0">
  <testcase classname="com.automationdemo.testcases.HomePageTest" name="homePageLogoTest" time="30.900"/>
  <testcase classname="com.automationdemo.testcases.HomePageTest" name="homePageTaskLinkTest" time="30.902"/>
</testsuite> <!-- com.automationdemo.testcases.HomePageTest -->
