<?xml version="1.0" encoding="UTF-8"?>
<!-- Generated by org.testng.reporters.JUnitReportReporter -->
<testsuite hostname="DESKTOP-6NA17O0" failures="0" tests="3" name="com.automationdemo.testcases.LogonPageTest" time="50.336" errors="0" timestamp="05 Jul 2023 12:04:53 GMT" skipped="0">
  <testcase classname="com.automationdemo.testcases.LogonPageTest" name="loginPageLogoTest" time="19.580"/>
  <testcase classname="com.automationdemo.testcases.LogonPageTest" name="LoginTest" time="16.592"/>
  <testcase classname="com.automationdemo.testcases.LogonPageTest" name="LoginTest" time="14.164"/>
</testsuite> <!-- com.automationdemo.testcases.LogonPageTest -->
